<?xml version="1.0" encoding="UTF-8"?>
<!-- Generated by org.testng.reporters.JUnitReportReporter -->
<testsuite hostname="USBLRPUJGUPTA7" failures="0" tests="4" name="api.test.UserTests2" time="6.200" errors="0" timestamp="2024-02-20T16:25:03 IST" skipped="0">
  <testcase classname="api.test.UserTests2" name="testPostUser" time="1.314"/>
  <system-out/>
  <testcase classname="api.test.UserTests2" name="testGETUserByName" time="1.220"/>
  <system-out/>
  <testcase classname="api.test.UserTests2" name="testUpdateUserByName" time="2.452"/>
  <system-out/>
  <testcase classname="api.test.UserTests2" name="testdeleteUserByName" time="1.214"/>
  <system-out/>
</testsuite> <!-- api.test.UserTests2 -->
