<?xml version="1.0" encoding="UTF-8"?>
<!-- Generated by org.testng.reporters.JUnitReportReporter -->
<testsuite hostname="USBLRPUJGUPTA7" failures="0" tests="6" name="api.test.DDTests" time="7.405" errors="0" timestamp="2024-02-20T16:25:03 IST" skipped="0">
  <testcase classname="api.test.DDTests" name="testPostUser" time="1.229"/>
  <system-out/>
  <testcase classname="api.test.DDTests" name="testPostUser" time="1.214"/>
  <system-out/>
  <testcase classname="api.test.DDTests" name="testPostUser" time="1.154"/>
  <system-out/>
  <testcase classname="api.test.DDTests" name="testDeleteByUserName" time="1.281"/>
  <system-out/>
  <testcase classname="api.test.DDTests" name="testDeleteByUserName" time="1.240"/>
  <system-out/>
  <testcase classname="api.test.DDTests" name="testDeleteByUserName" time="1.287"/>
  <system-out/>
</testsuite> <!-- api.test.DDTests -->
