<?xml version="1.0" encoding="UTF-8"?>
<!-- Generated by org.testng.reporters.JUnitReportReporter -->
<testsuite hostname="USBLRPUJGUPTA7" failures="0" tests="4" name="api.test.UserTests" time="8.484" errors="0" timestamp="2024-02-20T16:25:03 IST" skipped="0">
  <testcase classname="api.test.UserTests" name="testPostUser" time="3.597"/>
  <system-out/>
  <testcase classname="api.test.UserTests" name="testGETUserByName" time="1.287"/>
  <system-out/>
  <testcase classname="api.test.UserTests" name="testUpdateUserByName" time="2.446"/>
  <system-out/>
  <testcase classname="api.test.UserTests" name="testdeleteUserByName" time="1.154"/>
  <system-out/>
</testsuite> <!-- api.test.UserTests -->
